C:\Users\Sarora\Documents\visual studio 2015\Projects\DemoApplicationAngular\DemoApplicationAngular\src\app\app.component.js
C:\Users\Sarora\Documents\visual studio 2015\Projects\DemoApplicationAngular\DemoApplicationAngular\src\app\app.component.js.map
C:\Users\Sarora\Documents\visual studio 2015\Projects\DemoApplicationAngular\DemoApplicationAngular\src\app\Employee\employee.component.js
C:\Users\Sarora\Documents\visual studio 2015\Projects\DemoApplicationAngular\DemoApplicationAngular\src\app\Employee\employee.component.js.map
C:\Users\Sarora\Documents\visual studio 2015\Projects\DemoApplicationAngular\DemoApplicationAngular\src\app\app.module.js
C:\Users\Sarora\Documents\visual studio 2015\Projects\DemoApplicationAngular\DemoApplicationAngular\src\app\app.module.js.map
C:\Users\Sarora\Documents\visual studio 2015\Projects\DemoApplicationAngular\DemoApplicationAngular\src\main.js
C:\Users\Sarora\Documents\visual studio 2015\Projects\DemoApplicationAngular\DemoApplicationAngular\src\main.js.map
C:\Users\Sarora\Documents\visual studio 2015\Projects\DemoApplicationAngular\DemoApplicationAngular\src\app\app.component.spec.js
C:\Users\Sarora\Documents\visual studio 2015\Projects\DemoApplicationAngular\DemoApplicationAngular\src\app\app.component.spec.js.map
C:\Users\Sarora\Documents\visual studio 2015\Projects\DemoApplicationAngular\DemoApplicationAngular\dist\out-tsc\app\app.component.js
C:\Users\Sarora\Documents\visual studio 2015\Projects\DemoApplicationAngular\DemoApplicationAngular\dist\out-tsc\app\app.component.js.map
C:\Users\Sarora\Documents\visual studio 2015\Projects\DemoApplicationAngular\DemoApplicationAngular\dist\out-tsc\app\Employee\employee.component.js
C:\Users\Sarora\Documents\visual studio 2015\Projects\DemoApplicationAngular\DemoApplicationAngular\dist\out-tsc\app\Employee\employee.component.js.map
C:\Users\Sarora\Documents\visual studio 2015\Projects\DemoApplicationAngular\DemoApplicationAngular\dist\out-tsc\app\app.module.js
C:\Users\Sarora\Documents\visual studio 2015\Projects\DemoApplicationAngular\DemoApplicationAngular\dist\out-tsc\app\app.module.js.map
C:\Users\Sarora\Documents\visual studio 2015\Projects\DemoApplicationAngular\DemoApplicationAngular\dist\out-tsc\main.js
C:\Users\Sarora\Documents\visual studio 2015\Projects\DemoApplicationAngular\DemoApplicationAngular\dist\out-tsc\main.js.map
C:\Users\Sarora\Documents\visual studio 2015\Projects\DemoApplicationAngular\DemoApplicationAngular\dist\out-tsc\app\app.component.spec.js
C:\Users\Sarora\Documents\visual studio 2015\Projects\DemoApplicationAngular\DemoApplicationAngular\dist\out-tsc\app\app.component.spec.js.map
C:\Users\Sarora\Documents\visual studio 2015\Projects\DemoApplicationAngular\DemoApplicationAngular\src\app\app.component.js
C:\Users\Sarora\Documents\visual studio 2015\Projects\DemoApplicationAngular\DemoApplicationAngular\src\app\app.component.js.map
C:\Users\Sarora\Documents\visual studio 2015\Projects\DemoApplicationAngular\DemoApplicationAngular\src\app\Employee\employee.component.js
C:\Users\Sarora\Documents\visual studio 2015\Projects\DemoApplicationAngular\DemoApplicationAngular\src\app\Employee\employee.component.js.map
C:\Users\Sarora\Documents\visual studio 2015\Projects\DemoApplicationAngular\DemoApplicationAngular\src\app\app.module.js
C:\Users\Sarora\Documents\visual studio 2015\Projects\DemoApplicationAngular\DemoApplicationAngular\src\app\app.module.js.map
C:\Users\Sarora\Documents\visual studio 2015\Projects\DemoApplicationAngular\DemoApplicationAngular\src\main.js
C:\Users\Sarora\Documents\visual studio 2015\Projects\DemoApplicationAngular\DemoApplicationAngular\src\main.js.map
C:\Users\Sarora\Documents\visual studio 2015\Projects\DemoApplicationAngular\DemoApplicationAngular\src\app\app.component.spec.js
C:\Users\Sarora\Documents\visual studio 2015\Projects\DemoApplicationAngular\DemoApplicationAngular\src\app\app.component.spec.js.map
C:\Users\Sarora\Documents\visual studio 2015\Projects\DemoApplicationAngular\DemoApplicationAngular\src\app\app.component.js
C:\Users\Sarora\Documents\visual studio 2015\Projects\DemoApplicationAngular\DemoApplicationAngular\src\app\app.component.js.map
C:\Users\Sarora\Documents\visual studio 2015\Projects\DemoApplicationAngular\DemoApplicationAngular\src\app\Employee\employee.component.js
C:\Users\Sarora\Documents\visual studio 2015\Projects\DemoApplicationAngular\DemoApplicationAngular\src\app\Employee\employee.component.js.map
C:\Users\Sarora\Documents\visual studio 2015\Projects\DemoApplicationAngular\DemoApplicationAngular\src\app\app.module.js
C:\Users\Sarora\Documents\visual studio 2015\Projects\DemoApplicationAngular\DemoApplicationAngular\src\app\app.module.js.map
C:\Users\Sarora\Documents\visual studio 2015\Projects\DemoApplicationAngular\DemoApplicationAngular\src\main.js
C:\Users\Sarora\Documents\visual studio 2015\Projects\DemoApplicationAngular\DemoApplicationAngular\src\main.js.map
C:\Users\Sarora\Documents\visual studio 2015\Projects\DemoApplicationAngular\DemoApplicationAngular\src\app\app.component.spec.js
C:\Users\Sarora\Documents\visual studio 2015\Projects\DemoApplicationAngular\DemoApplicationAngular\src\app\app.component.spec.js.map
C:\Users\Sarora\Documents\visual studio 2015\Projects\DemoApplicationAngular\DemoApplicationAngular\dist\out-tsc\app\app.component.js
C:\Users\Sarora\Documents\visual studio 2015\Projects\DemoApplicationAngular\DemoApplicationAngular\dist\out-tsc\app\app.component.js.map
C:\Users\Sarora\Documents\visual studio 2015\Projects\DemoApplicationAngular\DemoApplicationAngular\dist\out-tsc\app\Employee\employee.component.js
C:\Users\Sarora\Documents\visual studio 2015\Projects\DemoApplicationAngular\DemoApplicationAngular\dist\out-tsc\app\Employee\employee.component.js.map
C:\Users\Sarora\Documents\visual studio 2015\Projects\DemoApplicationAngular\DemoApplicationAngular\dist\out-tsc\app\app.module.js
C:\Users\Sarora\Documents\visual studio 2015\Projects\DemoApplicationAngular\DemoApplicationAngular\dist\out-tsc\app\app.module.js.map
C:\Users\Sarora\Documents\visual studio 2015\Projects\DemoApplicationAngular\DemoApplicationAngular\dist\out-tsc\main.js
C:\Users\Sarora\Documents\visual studio 2015\Projects\DemoApplicationAngular\DemoApplicationAngular\dist\out-tsc\main.js.map
C:\Users\Sarora\Documents\visual studio 2015\Projects\DemoApplicationAngular\DemoApplicationAngular\dist\out-tsc\app\app.component.spec.js
C:\Users\Sarora\Documents\visual studio 2015\Projects\DemoApplicationAngular\DemoApplicationAngular\dist\out-tsc\app\app.component.spec.js.map
C:\Users\Sarora\Documents\visual studio 2015\Projects\DemoApplicationAngular\DemoApplicationAngular\src\app\app.component.js
C:\Users\Sarora\Documents\visual studio 2015\Projects\DemoApplicationAngular\DemoApplicationAngular\src\app\app.component.js.map
C:\Users\Sarora\Documents\visual studio 2015\Projects\DemoApplicationAngular\DemoApplicationAngular\src\app\Employee\employee.component.js
C:\Users\Sarora\Documents\visual studio 2015\Projects\DemoApplicationAngular\DemoApplicationAngular\src\app\Employee\employee.component.js.map
C:\Users\Sarora\Documents\visual studio 2015\Projects\DemoApplicationAngular\DemoApplicationAngular\src\app\app.module.js
C:\Users\Sarora\Documents\visual studio 2015\Projects\DemoApplicationAngular\DemoApplicationAngular\src\app\app.module.js.map
C:\Users\Sarora\Documents\visual studio 2015\Projects\DemoApplicationAngular\DemoApplicationAngular\src\main.js
C:\Users\Sarora\Documents\visual studio 2015\Projects\DemoApplicationAngular\DemoApplicationAngular\src\main.js.map
C:\Users\Sarora\Documents\visual studio 2015\Projects\DemoApplicationAngular\DemoApplicationAngular\src\app\app.component.spec.js
C:\Users\Sarora\Documents\visual studio 2015\Projects\DemoApplicationAngular\DemoApplicationAngular\src\app\app.component.spec.js.map
C:\Users\Sarora\Documents\visual studio 2015\Projects\DemoApplicationAngular\DemoApplicationAngular\dist\out-tsc\app\app.component.js
C:\Users\Sarora\Documents\visual studio 2015\Projects\DemoApplicationAngular\DemoApplicationAngular\dist\out-tsc\app\app.component.js.map
C:\Users\Sarora\Documents\visual studio 2015\Projects\DemoApplicationAngular\DemoApplicationAngular\dist\out-tsc\app\Employee\employee.component.js
C:\Users\Sarora\Documents\visual studio 2015\Projects\DemoApplicationAngular\DemoApplicationAngular\dist\out-tsc\app\Employee\employee.component.js.map
C:\Users\Sarora\Documents\visual studio 2015\Projects\DemoApplicationAngular\DemoApplicationAngular\dist\out-tsc\app\app.module.js
C:\Users\Sarora\Documents\visual studio 2015\Projects\DemoApplicationAngular\DemoApplicationAngular\dist\out-tsc\app\app.module.js.map
C:\Users\Sarora\Documents\visual studio 2015\Projects\DemoApplicationAngular\DemoApplicationAngular\dist\out-tsc\main.js
C:\Users\Sarora\Documents\visual studio 2015\Projects\DemoApplicationAngular\DemoApplicationAngular\dist\out-tsc\main.js.map
C:\Users\Sarora\Documents\visual studio 2015\Projects\DemoApplicationAngular\DemoApplicationAngular\dist\out-tsc\app\app.component.spec.js
C:\Users\Sarora\Documents\visual studio 2015\Projects\DemoApplicationAngular\DemoApplicationAngular\dist\out-tsc\app\app.component.spec.js.map
C:\Users\Sarora\Documents\visual studio 2015\Projects\DemoApplicationAngular\DemoApplicationAngular\src\app\app.component.js
C:\Users\Sarora\Documents\visual studio 2015\Projects\DemoApplicationAngular\DemoApplicationAngular\src\app\app.component.js.map
C:\Users\Sarora\Documents\visual studio 2015\Projects\DemoApplicationAngular\DemoApplicationAngular\src\app\Employee\employee.component.js
C:\Users\Sarora\Documents\visual studio 2015\Projects\DemoApplicationAngular\DemoApplicationAngular\src\app\Employee\employee.component.js.map
C:\Users\Sarora\Documents\visual studio 2015\Projects\DemoApplicationAngular\DemoApplicationAngular\src\app\app.module.js
C:\Users\Sarora\Documents\visual studio 2015\Projects\DemoApplicationAngular\DemoApplicationAngular\src\app\app.module.js.map
C:\Users\Sarora\Documents\visual studio 2015\Projects\DemoApplicationAngular\DemoApplicationAngular\src\main.js
C:\Users\Sarora\Documents\visual studio 2015\Projects\DemoApplicationAngular\DemoApplicationAngular\src\main.js.map
C:\Users\Sarora\Documents\visual studio 2015\Projects\DemoApplicationAngular\DemoApplicationAngular\src\app\app.component.spec.js
C:\Users\Sarora\Documents\visual studio 2015\Projects\DemoApplicationAngular\DemoApplicationAngular\src\app\app.component.spec.js.map
C:\Users\Sarora\Documents\visual studio 2015\Projects\DemoApplicationAngular\DemoApplicationAngular\dist\out-tsc\app\app.component.js
C:\Users\Sarora\Documents\visual studio 2015\Projects\DemoApplicationAngular\DemoApplicationAngular\dist\out-tsc\app\app.component.js.map
C:\Users\Sarora\Documents\visual studio 2015\Projects\DemoApplicationAngular\DemoApplicationAngular\dist\out-tsc\app\Employee\employee.component.js
C:\Users\Sarora\Documents\visual studio 2015\Projects\DemoApplicationAngular\DemoApplicationAngular\dist\out-tsc\app\Employee\employee.component.js.map
C:\Users\Sarora\Documents\visual studio 2015\Projects\DemoApplicationAngular\DemoApplicationAngular\dist\out-tsc\app\app.module.js
C:\Users\Sarora\Documents\visual studio 2015\Projects\DemoApplicationAngular\DemoApplicationAngular\dist\out-tsc\app\app.module.js.map
C:\Users\Sarora\Documents\visual studio 2015\Projects\DemoApplicationAngular\DemoApplicationAngular\dist\out-tsc\main.js
C:\Users\Sarora\Documents\visual studio 2015\Projects\DemoApplicationAngular\DemoApplicationAngular\dist\out-tsc\main.js.map
C:\Users\Sarora\Documents\visual studio 2015\Projects\DemoApplicationAngular\DemoApplicationAngular\dist\out-tsc\app\app.component.spec.js
C:\Users\Sarora\Documents\visual studio 2015\Projects\DemoApplicationAngular\DemoApplicationAngular\dist\out-tsc\app\app.component.spec.js.map
C:\Users\Sarora\Documents\visual studio 2015\Projects\DemoApplicationAngular\DemoApplicationAngular\src\app\app.component.js
C:\Users\Sarora\Documents\visual studio 2015\Projects\DemoApplicationAngular\DemoApplicationAngular\src\app\app.component.js.map
C:\Users\Sarora\Documents\visual studio 2015\Projects\DemoApplicationAngular\DemoApplicationAngular\src\app\Employee\employee.component.js
C:\Users\Sarora\Documents\visual studio 2015\Projects\DemoApplicationAngular\DemoApplicationAngular\src\app\Employee\employee.component.js.map
C:\Users\Sarora\Documents\visual studio 2015\Projects\DemoApplicationAngular\DemoApplicationAngular\src\app\app.module.js
C:\Users\Sarora\Documents\visual studio 2015\Projects\DemoApplicationAngular\DemoApplicationAngular\src\app\app.module.js.map
C:\Users\Sarora\Documents\visual studio 2015\Projects\DemoApplicationAngular\DemoApplicationAngular\src\main.js
C:\Users\Sarora\Documents\visual studio 2015\Projects\DemoApplicationAngular\DemoApplicationAngular\src\main.js.map
C:\Users\Sarora\Documents\visual studio 2015\Projects\DemoApplicationAngular\DemoApplicationAngular\src\app\app.component.spec.js
C:\Users\Sarora\Documents\visual studio 2015\Projects\DemoApplicationAngular\DemoApplicationAngular\src\app\app.component.spec.js.map
C:\Users\Sarora\Documents\visual studio 2015\Projects\DemoApplicationAngular\DemoApplicationAngular\dist\out-tsc\app\app.component.js
C:\Users\Sarora\Documents\visual studio 2015\Projects\DemoApplicationAngular\DemoApplicationAngular\dist\out-tsc\app\app.component.js.map
C:\Users\Sarora\Documents\visual studio 2015\Projects\DemoApplicationAngular\DemoApplicationAngular\dist\out-tsc\app\Employee\employee.component.js
C:\Users\Sarora\Documents\visual studio 2015\Projects\DemoApplicationAngular\DemoApplicationAngular\dist\out-tsc\app\Employee\employee.component.js.map
C:\Users\Sarora\Documents\visual studio 2015\Projects\DemoApplicationAngular\DemoApplicationAngular\dist\out-tsc\app\app.module.js
C:\Users\Sarora\Documents\visual studio 2015\Projects\DemoApplicationAngular\DemoApplicationAngular\dist\out-tsc\app\app.module.js.map
C:\Users\Sarora\Documents\visual studio 2015\Projects\DemoApplicationAngular\DemoApplicationAngular\dist\out-tsc\main.js
C:\Users\Sarora\Documents\visual studio 2015\Projects\DemoApplicationAngular\DemoApplicationAngular\dist\out-tsc\main.js.map
C:\Users\Sarora\Documents\visual studio 2015\Projects\DemoApplicationAngular\DemoApplicationAngular\dist\out-tsc\app\app.component.spec.js
C:\Users\Sarora\Documents\visual studio 2015\Projects\DemoApplicationAngular\DemoApplicationAngular\dist\out-tsc\app\app.component.spec.js.map
C:\Users\Sarora\Documents\visual studio 2015\Projects\DemoApplicationAngular\DemoApplicationAngular\src\app\app.component.js
C:\Users\Sarora\Documents\visual studio 2015\Projects\DemoApplicationAngular\DemoApplicationAngular\src\app\app.component.js.map
C:\Users\Sarora\Documents\visual studio 2015\Projects\DemoApplicationAngular\DemoApplicationAngular\src\app\Employee\employee.component.js
C:\Users\Sarora\Documents\visual studio 2015\Projects\DemoApplicationAngular\DemoApplicationAngular\src\app\Employee\employee.component.js.map
C:\Users\Sarora\Documents\visual studio 2015\Projects\DemoApplicationAngular\DemoApplicationAngular\src\app\app.module.js
C:\Users\Sarora\Documents\visual studio 2015\Projects\DemoApplicationAngular\DemoApplicationAngular\src\app\app.module.js.map
C:\Users\Sarora\Documents\visual studio 2015\Projects\DemoApplicationAngular\DemoApplicationAngular\src\main.js
C:\Users\Sarora\Documents\visual studio 2015\Projects\DemoApplicationAngular\DemoApplicationAngular\src\main.js.map
C:\Users\Sarora\Documents\visual studio 2015\Projects\DemoApplicationAngular\DemoApplicationAngular\src\app\app.component.spec.js
C:\Users\Sarora\Documents\visual studio 2015\Projects\DemoApplicationAngular\DemoApplicationAngular\src\app\app.component.spec.js.map
C:\Users\Sarora\Documents\visual studio 2015\Projects\DemoApplicationAngular\DemoApplicationAngular\dist\out-tsc\app\app.component.js
C:\Users\Sarora\Documents\visual studio 2015\Projects\DemoApplicationAngular\DemoApplicationAngular\dist\out-tsc\app\app.component.js.map
C:\Users\Sarora\Documents\visual studio 2015\Projects\DemoApplicationAngular\DemoApplicationAngular\dist\out-tsc\app\Employee\employee.component.js
C:\Users\Sarora\Documents\visual studio 2015\Projects\DemoApplicationAngular\DemoApplicationAngular\dist\out-tsc\app\Employee\employee.component.js.map
C:\Users\Sarora\Documents\visual studio 2015\Projects\DemoApplicationAngular\DemoApplicationAngular\dist\out-tsc\app\app.module.js
C:\Users\Sarora\Documents\visual studio 2015\Projects\DemoApplicationAngular\DemoApplicationAngular\dist\out-tsc\app\app.module.js.map
C:\Users\Sarora\Documents\visual studio 2015\Projects\DemoApplicationAngular\DemoApplicationAngular\dist\out-tsc\main.js
C:\Users\Sarora\Documents\visual studio 2015\Projects\DemoApplicationAngular\DemoApplicationAngular\dist\out-tsc\main.js.map
C:\Users\Sarora\Documents\visual studio 2015\Projects\DemoApplicationAngular\DemoApplicationAngular\dist\out-tsc\app\app.component.spec.js
C:\Users\Sarora\Documents\visual studio 2015\Projects\DemoApplicationAngular\DemoApplicationAngular\dist\out-tsc\app\app.component.spec.js.map
C:\Users\Sarora\Documents\visual studio 2015\Projects\DemoApplicationAngular\DemoApplicationAngular\src\app\app.component.js
C:\Users\Sarora\Documents\visual studio 2015\Projects\DemoApplicationAngular\DemoApplicationAngular\src\app\app.component.js.map
C:\Users\Sarora\Documents\visual studio 2015\Projects\DemoApplicationAngular\DemoApplicationAngular\src\app\Employee\employee.component.js
C:\Users\Sarora\Documents\visual studio 2015\Projects\DemoApplicationAngular\DemoApplicationAngular\src\app\Employee\employee.component.js.map
C:\Users\Sarora\Documents\visual studio 2015\Projects\DemoApplicationAngular\DemoApplicationAngular\src\app\app.module.js
C:\Users\Sarora\Documents\visual studio 2015\Projects\DemoApplicationAngular\DemoApplicationAngular\src\app\app.module.js.map
C:\Users\Sarora\Documents\visual studio 2015\Projects\DemoApplicationAngular\DemoApplicationAngular\src\main.js
C:\Users\Sarora\Documents\visual studio 2015\Projects\DemoApplicationAngular\DemoApplicationAngular\src\main.js.map
C:\Users\Sarora\Documents\visual studio 2015\Projects\DemoApplicationAngular\DemoApplicationAngular\src\app\app.component.spec.js
C:\Users\Sarora\Documents\visual studio 2015\Projects\DemoApplicationAngular\DemoApplicationAngular\src\app\app.component.spec.js.map
C:\Users\Sarora\Documents\visual studio 2015\Projects\DemoApplicationAngular\DemoApplicationAngular\dist\out-tsc\app\app.component.js
C:\Users\Sarora\Documents\visual studio 2015\Projects\DemoApplicationAngular\DemoApplicationAngular\dist\out-tsc\app\app.component.js.map
C:\Users\Sarora\Documents\visual studio 2015\Projects\DemoApplicationAngular\DemoApplicationAngular\dist\out-tsc\app\Employee\employee.component.js
C:\Users\Sarora\Documents\visual studio 2015\Projects\DemoApplicationAngular\DemoApplicationAngular\dist\out-tsc\app\Employee\employee.component.js.map
C:\Users\Sarora\Documents\visual studio 2015\Projects\DemoApplicationAngular\DemoApplicationAngular\dist\out-tsc\app\app.module.js
C:\Users\Sarora\Documents\visual studio 2015\Projects\DemoApplicationAngular\DemoApplicationAngular\dist\out-tsc\app\app.module.js.map
C:\Users\Sarora\Documents\visual studio 2015\Projects\DemoApplicationAngular\DemoApplicationAngular\dist\out-tsc\main.js
C:\Users\Sarora\Documents\visual studio 2015\Projects\DemoApplicationAngular\DemoApplicationAngular\dist\out-tsc\main.js.map
C:\Users\Sarora\Documents\visual studio 2015\Projects\DemoApplicationAngular\DemoApplicationAngular\dist\out-tsc\app\app.component.spec.js
C:\Users\Sarora\Documents\visual studio 2015\Projects\DemoApplicationAngular\DemoApplicationAngular\dist\out-tsc\app\app.component.spec.js.map
C:\Users\Sarora\Documents\visual studio 2015\Projects\DemoApplicationAngular\DemoApplicationAngular\src\app\app.component.js
C:\Users\Sarora\Documents\visual studio 2015\Projects\DemoApplicationAngular\DemoApplicationAngular\src\app\app.component.js.map
C:\Users\Sarora\Documents\visual studio 2015\Projects\DemoApplicationAngular\DemoApplicationAngular\src\app\Employee\employee.component.js
C:\Users\Sarora\Documents\visual studio 2015\Projects\DemoApplicationAngular\DemoApplicationAngular\src\app\Employee\employee.component.js.map
C:\Users\Sarora\Documents\visual studio 2015\Projects\DemoApplicationAngular\DemoApplicationAngular\src\app\app.module.js
C:\Users\Sarora\Documents\visual studio 2015\Projects\DemoApplicationAngular\DemoApplicationAngular\src\app\app.module.js.map
C:\Users\Sarora\Documents\visual studio 2015\Projects\DemoApplicationAngular\DemoApplicationAngular\src\main.js
C:\Users\Sarora\Documents\visual studio 2015\Projects\DemoApplicationAngular\DemoApplicationAngular\src\main.js.map
C:\Users\Sarora\Documents\visual studio 2015\Projects\DemoApplicationAngular\DemoApplicationAngular\src\app\app.component.spec.js
C:\Users\Sarora\Documents\visual studio 2015\Projects\DemoApplicationAngular\DemoApplicationAngular\src\app\app.component.spec.js.map
C:\Users\Sarora\Documents\visual studio 2015\Projects\DemoApplicationAngular\DemoApplicationAngular\dist\out-tsc\app\app.component.js
C:\Users\Sarora\Documents\visual studio 2015\Projects\DemoApplicationAngular\DemoApplicationAngular\dist\out-tsc\app\app.component.js.map
C:\Users\Sarora\Documents\visual studio 2015\Projects\DemoApplicationAngular\DemoApplicationAngular\dist\out-tsc\app\Employee\employee.component.js
C:\Users\Sarora\Documents\visual studio 2015\Projects\DemoApplicationAngular\DemoApplicationAngular\dist\out-tsc\app\Employee\employee.component.js.map
C:\Users\Sarora\Documents\visual studio 2015\Projects\DemoApplicationAngular\DemoApplicationAngular\dist\out-tsc\app\app.module.js
C:\Users\Sarora\Documents\visual studio 2015\Projects\DemoApplicationAngular\DemoApplicationAngular\dist\out-tsc\app\app.module.js.map
C:\Users\Sarora\Documents\visual studio 2015\Projects\DemoApplicationAngular\DemoApplicationAngular\dist\out-tsc\main.js
C:\Users\Sarora\Documents\visual studio 2015\Projects\DemoApplicationAngular\DemoApplicationAngular\dist\out-tsc\main.js.map
C:\Users\Sarora\Documents\visual studio 2015\Projects\DemoApplicationAngular\DemoApplicationAngular\dist\out-tsc\app\app.component.spec.js
C:\Users\Sarora\Documents\visual studio 2015\Projects\DemoApplicationAngular\DemoApplicationAngular\dist\out-tsc\app\app.component.spec.js.map
C:\Users\Sarora\Documents\visual studio 2015\Projects\DemoApplicationAngular\DemoApplicationAngular\src\app\app.component.js
C:\Users\Sarora\Documents\visual studio 2015\Projects\DemoApplicationAngular\DemoApplicationAngular\src\app\app.component.js.map
C:\Users\Sarora\Documents\visual studio 2015\Projects\DemoApplicationAngular\DemoApplicationAngular\src\app\Employee\employee.component.js
C:\Users\Sarora\Documents\visual studio 2015\Projects\DemoApplicationAngular\DemoApplicationAngular\src\app\Employee\employee.component.js.map
C:\Users\Sarora\Documents\visual studio 2015\Projects\DemoApplicationAngular\DemoApplicationAngular\src\app\app.module.js
C:\Users\Sarora\Documents\visual studio 2015\Projects\DemoApplicationAngular\DemoApplicationAngular\src\app\app.module.js.map
C:\Users\Sarora\Documents\visual studio 2015\Projects\DemoApplicationAngular\DemoApplicationAngular\src\main.js
C:\Users\Sarora\Documents\visual studio 2015\Projects\DemoApplicationAngular\DemoApplicationAngular\src\main.js.map
C:\Users\Sarora\Documents\visual studio 2015\Projects\DemoApplicationAngular\DemoApplicationAngular\src\app\app.component.spec.js
C:\Users\Sarora\Documents\visual studio 2015\Projects\DemoApplicationAngular\DemoApplicationAngular\src\app\app.component.spec.js.map
C:\Users\Sarora\Documents\visual studio 2015\Projects\DemoApplicationAngular\DemoApplicationAngular\dist\out-tsc\app\app.component.js
C:\Users\Sarora\Documents\visual studio 2015\Projects\DemoApplicationAngular\DemoApplicationAngular\dist\out-tsc\app\app.component.js.map
C:\Users\Sarora\Documents\visual studio 2015\Projects\DemoApplicationAngular\DemoApplicationAngular\dist\out-tsc\app\Employee\employee.component.js
C:\Users\Sarora\Documents\visual studio 2015\Projects\DemoApplicationAngular\DemoApplicationAngular\dist\out-tsc\app\Employee\employee.component.js.map
C:\Users\Sarora\Documents\visual studio 2015\Projects\DemoApplicationAngular\DemoApplicationAngular\dist\out-tsc\app\app.module.js
C:\Users\Sarora\Documents\visual studio 2015\Projects\DemoApplicationAngular\DemoApplicationAngular\dist\out-tsc\app\app.module.js.map
C:\Users\Sarora\Documents\visual studio 2015\Projects\DemoApplicationAngular\DemoApplicationAngular\dist\out-tsc\main.js
C:\Users\Sarora\Documents\visual studio 2015\Projects\DemoApplicationAngular\DemoApplicationAngular\dist\out-tsc\main.js.map
C:\Users\Sarora\Documents\visual studio 2015\Projects\DemoApplicationAngular\DemoApplicationAngular\dist\out-tsc\app\app.component.spec.js
C:\Users\Sarora\Documents\visual studio 2015\Projects\DemoApplicationAngular\DemoApplicationAngular\dist\out-tsc\app\app.component.spec.js.map
C:\Users\Sarora\Documents\visual studio 2015\Projects\DemoApplicationAngular\DemoApplicationAngular\src\app\app.component.js
C:\Users\Sarora\Documents\visual studio 2015\Projects\DemoApplicationAngular\DemoApplicationAngular\src\app\app.component.js.map
C:\Users\Sarora\Documents\visual studio 2015\Projects\DemoApplicationAngular\DemoApplicationAngular\src\app\Employee\employee.component.js
C:\Users\Sarora\Documents\visual studio 2015\Projects\DemoApplicationAngular\DemoApplicationAngular\src\app\Employee\employee.component.js.map
C:\Users\Sarora\Documents\visual studio 2015\Projects\DemoApplicationAngular\DemoApplicationAngular\src\app\app.module.js
C:\Users\Sarora\Documents\visual studio 2015\Projects\DemoApplicationAngular\DemoApplicationAngular\src\app\app.module.js.map
C:\Users\Sarora\Documents\visual studio 2015\Projects\DemoApplicationAngular\DemoApplicationAngular\src\main.js
C:\Users\Sarora\Documents\visual studio 2015\Projects\DemoApplicationAngular\DemoApplicationAngular\src\main.js.map
C:\Users\Sarora\Documents\visual studio 2015\Projects\DemoApplicationAngular\DemoApplicationAngular\src\app\app.component.spec.js
C:\Users\Sarora\Documents\visual studio 2015\Projects\DemoApplicationAngular\DemoApplicationAngular\src\app\app.component.spec.js.map
C:\Users\Sarora\Documents\visual studio 2015\Projects\DemoApplicationAngular\DemoApplicationAngular\dist\out-tsc\app\app.component.js
C:\Users\Sarora\Documents\visual studio 2015\Projects\DemoApplicationAngular\DemoApplicationAngular\dist\out-tsc\app\app.component.js.map
C:\Users\Sarora\Documents\visual studio 2015\Projects\DemoApplicationAngular\DemoApplicationAngular\dist\out-tsc\app\Employee\employee.component.js
C:\Users\Sarora\Documents\visual studio 2015\Projects\DemoApplicationAngular\DemoApplicationAngular\dist\out-tsc\app\Employee\employee.component.js.map
C:\Users\Sarora\Documents\visual studio 2015\Projects\DemoApplicationAngular\DemoApplicationAngular\dist\out-tsc\app\app.module.js
C:\Users\Sarora\Documents\visual studio 2015\Projects\DemoApplicationAngular\DemoApplicationAngular\dist\out-tsc\app\app.module.js.map
C:\Users\Sarora\Documents\visual studio 2015\Projects\DemoApplicationAngular\DemoApplicationAngular\dist\out-tsc\main.js
C:\Users\Sarora\Documents\visual studio 2015\Projects\DemoApplicationAngular\DemoApplicationAngular\dist\out-tsc\main.js.map
C:\Users\Sarora\Documents\visual studio 2015\Projects\DemoApplicationAngular\DemoApplicationAngular\dist\out-tsc\app\app.component.spec.js
C:\Users\Sarora\Documents\visual studio 2015\Projects\DemoApplicationAngular\DemoApplicationAngular\dist\out-tsc\app\app.component.spec.js.map
